<?xml version="1.0" encoding="UTF-8"?>
<testsuite xmlns:xsi="http://www.w3.org/2001/XMLSchema-instance" xsi:noNamespaceSchemaLocation="https://maven.apache.org/surefire/maven-surefire-plugin/xsd/surefire-test-report.xsd" version="3.0.2" name="com.example.AutomationJavaUtility.SpringFvuAppApplicationTests" time="4.172" tests="1" errors="0" skipped="0" failures="0">
  <properties>
    <property name="java.specification.version" value="17"/>
    <property name="sun.cpu.isalist" value="amd64"/>
    <property name="sun.jnu.encoding" value="Cp1252"/>
    <property name="java.class.path" value="C:\Users\vshrama\Documents\UtilitySetupForDeployment\Prod-Spring-fvu-app\target\test-classes;C:\Users\vshrama\Documents\UtilitySetupForDeployment\Prod-Spring-fvu-app\target\classes;C:\Users\vshrama\.m2\repository\org\springframework\boot\spring-boot-starter-web\3.5.5\spring-boot-starter-web-3.5.5.jar;C:\Users\vshrama\.m2\repository\org\springframework\boot\spring-boot-starter\3.5.5\spring-boot-starter-3.5.5.jar;C:\Users\vshrama\.m2\repository\org\springframework\boot\spring-boot-starter-logging\3.5.5\spring-boot-starter-logging-3.5.5.jar;C:\Users\vshrama\.m2\repository\ch\qos\logback\logback-classic\1.5.18\logback-classic-1.5.18.jar;C:\Users\vshrama\.m2\repository\ch\qos\logback\logback-core\1.5.18\logback-core-1.5.18.jar;C:\Users\vshrama\.m2\repository\org\apache\logging\log4j\log4j-to-slf4j\2.24.3\log4j-to-slf4j-2.24.3.jar;C:\Users\vshrama\.m2\repository\org\apache\logging\log4j\log4j-api\2.24.3\log4j-api-2.24.3.jar;C:\Users\vshrama\.m2\repository\org\slf4j\jul-to-slf4j\2.0.17\jul-to-slf4j-2.0.17.jar;C:\Users\vshrama\.m2\repository\jakarta\annotation\jakarta.annotation-api\2.1.1\jakarta.annotation-api-2.1.1.jar;C:\Users\vshrama\.m2\repository\org\yaml\snakeyaml\2.4\snakeyaml-2.4.jar;C:\Users\vshrama\.m2\repository\org\springframework\boot\spring-boot-starter-json\3.5.5\spring-boot-starter-json-3.5.5.jar;C:\Users\vshrama\.m2\repository\com\fasterxml\jackson\core\jackson-databind\2.19.2\jackson-databind-2.19.2.jar;C:\Users\vshrama\.m2\repository\com\fasterxml\jackson\core\jackson-annotations\2.19.2\jackson-annotations-2.19.2.jar;C:\Users\vshrama\.m2\repository\com\fasterxml\jackson\core\jackson-core\2.19.2\jackson-core-2.19.2.jar;C:\Users\vshrama\.m2\repository\com\fasterxml\jackson\datatype\jackson-datatype-jdk8\2.19.2\jackson-datatype-jdk8-2.19.2.jar;C:\Users\vshrama\.m2\repository\com\fasterxml\jackson\datatype\jackson-datatype-jsr310\2.19.2\jackson-datatype-jsr310-2.19.2.jar;C:\Users\vshrama\.m2\repository\com\fasterxml\jackson\module\jackson-module-parameter-names\2.19.2\jackson-module-parameter-names-2.19.2.jar;C:\Users\vshrama\.m2\repository\org\springframework\boot\spring-boot-starter-tomcat\3.5.5\spring-boot-starter-tomcat-3.5.5.jar;C:\Users\vshrama\.m2\repository\org\apache\tomcat\embed\tomcat-embed-core\10.1.44\tomcat-embed-core-10.1.44.jar;C:\Users\vshrama\.m2\repository\org\apache\tomcat\embed\tomcat-embed-el\10.1.44\tomcat-embed-el-10.1.44.jar;C:\Users\vshrama\.m2\repository\org\apache\tomcat\embed\tomcat-embed-websocket\10.1.44\tomcat-embed-websocket-10.1.44.jar;C:\Users\vshrama\.m2\repository\org\springframework\spring-web\6.2.10\spring-web-6.2.10.jar;C:\Users\vshrama\.m2\repository\org\springframework\spring-beans\6.2.10\spring-beans-6.2.10.jar;C:\Users\vshrama\.m2\repository\io\micrometer\micrometer-observation\1.15.3\micrometer-observation-1.15.3.jar;C:\Users\vshrama\.m2\repository\io\micrometer\micrometer-commons\1.15.3\micrometer-commons-1.15.3.jar;C:\Users\vshrama\.m2\repository\org\springframework\spring-webmvc\6.2.10\spring-webmvc-6.2.10.jar;C:\Users\vshrama\.m2\repository\org\springframework\spring-aop\6.2.10\spring-aop-6.2.10.jar;C:\Users\vshrama\.m2\repository\org\springframework\spring-context\6.2.10\spring-context-6.2.10.jar;C:\Users\vshrama\.m2\repository\org\springframework\spring-expression\6.2.10\spring-expression-6.2.10.jar;C:\Users\vshrama\.m2\repository\org\springframework\boot\spring-boot-devtools\3.5.0\spring-boot-devtools-3.5.0.jar;C:\Users\vshrama\.m2\repository\org\springframework\boot\spring-boot\3.5.5\spring-boot-3.5.5.jar;C:\Users\vshrama\.m2\repository\org\springframework\boot\spring-boot-autoconfigure\3.5.5\spring-boot-autoconfigure-3.5.5.jar;C:\Users\vshrama\.m2\repository\software\amazon\awssdk\s3\2.32.31\s3-2.32.31.jar;C:\Users\vshrama\.m2\repository\software\amazon\awssdk\aws-xml-protocol\2.32.31\aws-xml-protocol-2.32.31.jar;C:\Users\vshrama\.m2\repository\software\amazon\awssdk\aws-query-protocol\2.32.31\aws-query-protocol-2.32.31.jar;C:\Users\vshrama\.m2\repository\software\amazon\awssdk\protocol-core\2.32.31\protocol-core-2.32.31.jar;C:\Users\vshrama\.m2\repository\software\amazon\awssdk\arns\2.32.31\arns-2.32.31.jar;C:\Users\vshrama\.m2\repository\software\amazon\awssdk\profiles\2.32.31\profiles-2.32.31.jar;C:\Users\vshrama\.m2\repository\software\amazon\awssdk\crt-core\2.32.31\crt-core-2.32.31.jar;C:\Users\vshrama\.m2\repository\software\amazon\awssdk\http-auth\2.32.31\http-auth-2.32.31.jar;C:\Users\vshrama\.m2\repository\software\amazon\awssdk\identity-spi\2.32.31\identity-spi-2.32.31.jar;C:\Users\vshrama\.m2\repository\software\amazon\awssdk\http-auth-spi\2.32.31\http-auth-spi-2.32.31.jar;C:\Users\vshrama\.m2\repository\org\reactivestreams\reactive-streams\1.0.4\reactive-streams-1.0.4.jar;C:\Users\vshrama\.m2\repository\software\amazon\awssdk\http-auth-aws\2.32.31\http-auth-aws-2.32.31.jar;C:\Users\vshrama\.m2\repository\software\amazon\awssdk\checksums\2.32.31\checksums-2.32.31.jar;C:\Users\vshrama\.m2\repository\software\amazon\awssdk\checksums-spi\2.32.31\checksums-spi-2.32.31.jar;C:\Users\vshrama\.m2\repository\software\amazon\awssdk\retries-spi\2.32.31\retries-spi-2.32.31.jar;C:\Users\vshrama\.m2\repository\software\amazon\awssdk\sdk-core\2.32.31\sdk-core-2.32.31.jar;C:\Users\vshrama\.m2\repository\software\amazon\awssdk\retries\2.32.31\retries-2.32.31.jar;C:\Users\vshrama\.m2\repository\org\slf4j\slf4j-api\2.0.17\slf4j-api-2.0.17.jar;C:\Users\vshrama\.m2\repository\software\amazon\awssdk\http-client-spi\2.32.31\http-client-spi-2.32.31.jar;C:\Users\vshrama\.m2\repository\software\amazon\awssdk\regions\2.32.31\regions-2.32.31.jar;C:\Users\vshrama\.m2\repository\software\amazon\awssdk\annotations\2.32.31\annotations-2.32.31.jar;C:\Users\vshrama\.m2\repository\software\amazon\awssdk\utils\2.32.31\utils-2.32.31.jar;C:\Users\vshrama\.m2\repository\software\amazon\awssdk\aws-core\2.32.31\aws-core-2.32.31.jar;C:\Users\vshrama\.m2\repository\software\amazon\awssdk\metrics-spi\2.32.31\metrics-spi-2.32.31.jar;C:\Users\vshrama\.m2\repository\software\amazon\awssdk\json-utils\2.32.31\json-utils-2.32.31.jar;C:\Users\vshrama\.m2\repository\software\amazon\awssdk\third-party-jackson-core\2.32.31\third-party-jackson-core-2.32.31.jar;C:\Users\vshrama\.m2\repository\software\amazon\awssdk\endpoints-spi\2.32.31\endpoints-spi-2.32.31.jar;C:\Users\vshrama\.m2\repository\software\amazon\awssdk\apache-client\2.32.31\apache-client-2.32.31.jar;C:\Users\vshrama\.m2\repository\org\apache\httpcomponents\httpclient\4.5.13\httpclient-4.5.13.jar;C:\Users\vshrama\.m2\repository\org\apache\httpcomponents\httpcore\4.4.16\httpcore-4.4.16.jar;C:\Users\vshrama\.m2\repository\commons-codec\commons-codec\1.18.0\commons-codec-1.18.0.jar;C:\Users\vshrama\.m2\repository\software\amazon\awssdk\netty-nio-client\2.32.31\netty-nio-client-2.32.31.jar;C:\Users\vshrama\.m2\repository\io\netty\netty-codec-http\4.1.124.Final\netty-codec-http-4.1.124.Final.jar;C:\Users\vshrama\.m2\repository\io\netty\netty-codec-http2\4.1.124.Final\netty-codec-http2-4.1.124.Final.jar;C:\Users\vshrama\.m2\repository\io\netty\netty-codec\4.1.124.Final\netty-codec-4.1.124.Final.jar;C:\Users\vshrama\.m2\repository\io\netty\netty-transport\4.1.124.Final\netty-transport-4.1.124.Final.jar;C:\Users\vshrama\.m2\repository\io\netty\netty-common\4.1.124.Final\netty-common-4.1.124.Final.jar;C:\Users\vshrama\.m2\repository\io\netty\netty-buffer\4.1.124.Final\netty-buffer-4.1.124.Final.jar;C:\Users\vshrama\.m2\repository\io\netty\netty-handler\4.1.124.Final\netty-handler-4.1.124.Final.jar;C:\Users\vshrama\.m2\repository\io\netty\netty-transport-native-unix-common\4.1.124.Final\netty-transport-native-unix-common-4.1.124.Final.jar;C:\Users\vshrama\.m2\repository\io\netty\netty-transport-classes-epoll\4.1.124.Final\netty-transport-classes-epoll-4.1.124.Final.jar;C:\Users\vshrama\.m2\repository\io\netty\netty-resolver\4.1.124.Final\netty-resolver-4.1.124.Final.jar;C:\Users\vshrama\.m2\repository\software\amazon\awssdk\auth\2.33.0\auth-2.33.0.jar;C:\Users\vshrama\.m2\repository\software\amazon\awssdk\http-auth-aws-eventstream\2.33.0\http-auth-aws-eventstream-2.33.0.jar;C:\Users\vshrama\.m2\repository\software\amazon\eventstream\eventstream\1.0.1\eventstream-1.0.1.jar;C:\Users\vshrama\.m2\repository\org\springframework\boot\spring-boot-starter-test\3.5.5\spring-boot-starter-test-3.5.5.jar;C:\Users\vshrama\.m2\repository\org\springframework\boot\spring-boot-test\3.5.5\spring-boot-test-3.5.5.jar;C:\Users\vshrama\.m2\repository\org\springframework\boot\spring-boot-test-autoconfigure\3.5.5\spring-boot-test-autoconfigure-3.5.5.jar;C:\Users\vshrama\.m2\repository\com\jayway\jsonpath\json-path\2.9.0\json-path-2.9.0.jar;C:\Users\vshrama\.m2\repository\jakarta\xml\bind\jakarta.xml.bind-api\4.0.2\jakarta.xml.bind-api-4.0.2.jar;C:\Users\vshrama\.m2\repository\jakarta\activation\jakarta.activation-api\2.1.3\jakarta.activation-api-2.1.3.jar;C:\Users\vshrama\.m2\repository\net\minidev\json-smart\2.5.2\json-smart-2.5.2.jar;C:\Users\vshrama\.m2\repository\net\minidev\accessors-smart\2.5.2\accessors-smart-2.5.2.jar;C:\Users\vshrama\.m2\repository\org\ow2\asm\asm\9.7.1\asm-9.7.1.jar;C:\Users\vshrama\.m2\repository\org\assertj\assertj-core\3.27.4\assertj-core-3.27.4.jar;C:\Users\vshrama\.m2\repository\net\bytebuddy\byte-buddy\1.17.7\byte-buddy-1.17.7.jar;C:\Users\vshrama\.m2\repository\org\awaitility\awaitility\4.2.2\awaitility-4.2.2.jar;C:\Users\vshrama\.m2\repository\org\hamcrest\hamcrest\3.0\hamcrest-3.0.jar;C:\Users\vshrama\.m2\repository\org\junit\jupiter\junit-jupiter\5.12.2\junit-jupiter-5.12.2.jar;C:\Users\vshrama\.m2\repository\org\junit\jupiter\junit-jupiter-api\5.12.2\junit-jupiter-api-5.12.2.jar;C:\Users\vshrama\.m2\repository\org\opentest4j\opentest4j\1.3.0\opentest4j-1.3.0.jar;C:\Users\vshrama\.m2\repository\org\junit\platform\junit-platform-commons\1.12.2\junit-platform-commons-1.12.2.jar;C:\Users\vshrama\.m2\repository\org\apiguardian\apiguardian-api\1.1.2\apiguardian-api-1.1.2.jar;C:\Users\vshrama\.m2\repository\org\junit\jupiter\junit-jupiter-params\5.12.2\junit-jupiter-params-5.12.2.jar;C:\Users\vshrama\.m2\repository\org\junit\jupiter\junit-jupiter-engine\5.12.2\junit-jupiter-engine-5.12.2.jar;C:\Users\vshrama\.m2\repository\org\junit\platform\junit-platform-engine\1.12.2\junit-platform-engine-1.12.2.jar;C:\Users\vshrama\.m2\repository\org\mockito\mockito-core\5.17.0\mockito-core-5.17.0.jar;C:\Users\vshrama\.m2\repository\net\bytebuddy\byte-buddy-agent\1.17.7\byte-buddy-agent-1.17.7.jar;C:\Users\vshrama\.m2\repository\org\objenesis\objenesis\3.3\objenesis-3.3.jar;C:\Users\vshrama\.m2\repository\org\mockito\mockito-junit-jupiter\5.17.0\mockito-junit-jupiter-5.17.0.jar;C:\Users\vshrama\.m2\repository\org\skyscreamer\jsonassert\1.5.3\jsonassert-1.5.3.jar;C:\Users\vshrama\.m2\repository\com\vaadin\external\google\android-json\0.0.20131108.vaadin1\android-json-0.0.20131108.vaadin1.jar;C:\Users\vshrama\.m2\repository\org\springframework\spring-core\6.2.10\spring-core-6.2.10.jar;C:\Users\vshrama\.m2\repository\org\springframework\spring-jcl\6.2.10\spring-jcl-6.2.10.jar;C:\Users\vshrama\.m2\repository\org\springframework\spring-test\6.2.10\spring-test-6.2.10.jar;C:\Users\vshrama\.m2\repository\org\xmlunit\xmlunit-core\2.10.3\xmlunit-core-2.10.3.jar;"/>
    <property name="java.vm.vendor" value="Oracle Corporation"/>
    <property name="sun.arch.data.model" value="64"/>
    <property name="user.variant" value=""/>
    <property name="java.vendor.url" value="https://java.oracle.com/"/>
    <property name="user.timezone" value="Asia/Calcutta"/>
    <property name="os.name" value="Windows 10"/>
    <property name="java.vm.specification.version" value="17"/>
    <property name="APPLICATION_NAME" value="Prod-spring-fvu-app"/>
    <property name="sun.java.launcher" value="SUN_STANDARD"/>
    <property name="user.country" value="IN"/>
    <property name="sun.boot.library.path" value="C:\Program Files\Java\jdk-17\bin"/>
    <property name="sun.java.command" value="C:\Users\vshrama\AppData\Local\Temp\surefire9387408082244943122\surefirebooter-20251008124749396_3.jar C:\Users\vshrama\AppData\Local\Temp\surefire9387408082244943122 2025-10-08T12-47-49_207-jvmRun1 surefire-20251008124749396_1tmp surefire_0-20251008124749396_2tmp"/>
    <property name="jdk.debug" value="release"/>
    <property name="surefire.test.class.path" value="C:\Users\vshrama\Documents\UtilitySetupForDeployment\Prod-Spring-fvu-app\target\test-classes;C:\Users\vshrama\Documents\UtilitySetupForDeployment\Prod-Spring-fvu-app\target\classes;C:\Users\vshrama\.m2\repository\org\springframework\boot\spring-boot-starter-web\3.5.5\spring-boot-starter-web-3.5.5.jar;C:\Users\vshrama\.m2\repository\org\springframework\boot\spring-boot-starter\3.5.5\spring-boot-starter-3.5.5.jar;C:\Users\vshrama\.m2\repository\org\springframework\boot\spring-boot-starter-logging\3.5.5\spring-boot-starter-logging-3.5.5.jar;C:\Users\vshrama\.m2\repository\ch\qos\logback\logback-classic\1.5.18\logback-classic-1.5.18.jar;C:\Users\vshrama\.m2\repository\ch\qos\logback\logback-core\1.5.18\logback-core-1.5.18.jar;C:\Users\vshrama\.m2\repository\org\apache\logging\log4j\log4j-to-slf4j\2.24.3\log4j-to-slf4j-2.24.3.jar;C:\Users\vshrama\.m2\repository\org\apache\logging\log4j\log4j-api\2.24.3\log4j-api-2.24.3.jar;C:\Users\vshrama\.m2\repository\org\slf4j\jul-to-slf4j\2.0.17\jul-to-slf4j-2.0.17.jar;C:\Users\vshrama\.m2\repository\jakarta\annotation\jakarta.annotation-api\2.1.1\jakarta.annotation-api-2.1.1.jar;C:\Users\vshrama\.m2\repository\org\yaml\snakeyaml\2.4\snakeyaml-2.4.jar;C:\Users\vshrama\.m2\repository\org\springframework\boot\spring-boot-starter-json\3.5.5\spring-boot-starter-json-3.5.5.jar;C:\Users\vshrama\.m2\repository\com\fasterxml\jackson\core\jackson-databind\2.19.2\jackson-databind-2.19.2.jar;C:\Users\vshrama\.m2\repository\com\fasterxml\jackson\core\jackson-annotations\2.19.2\jackson-annotations-2.19.2.jar;C:\Users\vshrama\.m2\repository\com\fasterxml\jackson\core\jackson-core\2.19.2\jackson-core-2.19.2.jar;C:\Users\vshrama\.m2\repository\com\fasterxml\jackson\datatype\jackson-datatype-jdk8\2.19.2\jackson-datatype-jdk8-2.19.2.jar;C:\Users\vshrama\.m2\repository\com\fasterxml\jackson\datatype\jackson-datatype-jsr310\2.19.2\jackson-datatype-jsr310-2.19.2.jar;C:\Users\vshrama\.m2\repository\com\fasterxml\jackson\module\jackson-module-parameter-names\2.19.2\jackson-module-parameter-names-2.19.2.jar;C:\Users\vshrama\.m2\repository\org\springframework\boot\spring-boot-starter-tomcat\3.5.5\spring-boot-starter-tomcat-3.5.5.jar;C:\Users\vshrama\.m2\repository\org\apache\tomcat\embed\tomcat-embed-core\10.1.44\tomcat-embed-core-10.1.44.jar;C:\Users\vshrama\.m2\repository\org\apache\tomcat\embed\tomcat-embed-el\10.1.44\tomcat-embed-el-10.1.44.jar;C:\Users\vshrama\.m2\repository\org\apache\tomcat\embed\tomcat-embed-websocket\10.1.44\tomcat-embed-websocket-10.1.44.jar;C:\Users\vshrama\.m2\repository\org\springframework\spring-web\6.2.10\spring-web-6.2.10.jar;C:\Users\vshrama\.m2\repository\org\springframework\spring-beans\6.2.10\spring-beans-6.2.10.jar;C:\Users\vshrama\.m2\repository\io\micrometer\micrometer-observation\1.15.3\micrometer-observation-1.15.3.jar;C:\Users\vshrama\.m2\repository\io\micrometer\micrometer-commons\1.15.3\micrometer-commons-1.15.3.jar;C:\Users\vshrama\.m2\repository\org\springframework\spring-webmvc\6.2.10\spring-webmvc-6.2.10.jar;C:\Users\vshrama\.m2\repository\org\springframework\spring-aop\6.2.10\spring-aop-6.2.10.jar;C:\Users\vshrama\.m2\repository\org\springframework\spring-context\6.2.10\spring-context-6.2.10.jar;C:\Users\vshrama\.m2\repository\org\springframework\spring-expression\6.2.10\spring-expression-6.2.10.jar;C:\Users\vshrama\.m2\repository\org\springframework\boot\spring-boot-devtools\3.5.0\spring-boot-devtools-3.5.0.jar;C:\Users\vshrama\.m2\repository\org\springframework\boot\spring-boot\3.5.5\spring-boot-3.5.5.jar;C:\Users\vshrama\.m2\repository\org\springframework\boot\spring-boot-autoconfigure\3.5.5\spring-boot-autoconfigure-3.5.5.jar;C:\Users\vshrama\.m2\repository\software\amazon\awssdk\s3\2.32.31\s3-2.32.31.jar;C:\Users\vshrama\.m2\repository\software\amazon\awssdk\aws-xml-protocol\2.32.31\aws-xml-protocol-2.32.31.jar;C:\Users\vshrama\.m2\repository\software\amazon\awssdk\aws-query-protocol\2.32.31\aws-query-protocol-2.32.31.jar;C:\Users\vshrama\.m2\repository\software\amazon\awssdk\protocol-core\2.32.31\protocol-core-2.32.31.jar;C:\Users\vshrama\.m2\repository\software\amazon\awssdk\arns\2.32.31\arns-2.32.31.jar;C:\Users\vshrama\.m2\repository\software\amazon\awssdk\profiles\2.32.31\profiles-2.32.31.jar;C:\Users\vshrama\.m2\repository\software\amazon\awssdk\crt-core\2.32.31\crt-core-2.32.31.jar;C:\Users\vshrama\.m2\repository\software\amazon\awssdk\http-auth\2.32.31\http-auth-2.32.31.jar;C:\Users\vshrama\.m2\repository\software\amazon\awssdk\identity-spi\2.32.31\identity-spi-2.32.31.jar;C:\Users\vshrama\.m2\repository\software\amazon\awssdk\http-auth-spi\2.32.31\http-auth-spi-2.32.31.jar;C:\Users\vshrama\.m2\repository\org\reactivestreams\reactive-streams\1.0.4\reactive-streams-1.0.4.jar;C:\Users\vshrama\.m2\repository\software\amazon\awssdk\http-auth-aws\2.32.31\http-auth-aws-2.32.31.jar;C:\Users\vshrama\.m2\repository\software\amazon\awssdk\checksums\2.32.31\checksums-2.32.31.jar;C:\Users\vshrama\.m2\repository\software\amazon\awssdk\checksums-spi\2.32.31\checksums-spi-2.32.31.jar;C:\Users\vshrama\.m2\repository\software\amazon\awssdk\retries-spi\2.32.31\retries-spi-2.32.31.jar;C:\Users\vshrama\.m2\repository\software\amazon\awssdk\sdk-core\2.32.31\sdk-core-2.32.31.jar;C:\Users\vshrama\.m2\repository\software\amazon\awssdk\retries\2.32.31\retries-2.32.31.jar;C:\Users\vshrama\.m2\repository\org\slf4j\slf4j-api\2.0.17\slf4j-api-2.0.17.jar;C:\Users\vshrama\.m2\repository\software\amazon\awssdk\http-client-spi\2.32.31\http-client-spi-2.32.31.jar;C:\Users\vshrama\.m2\repository\software\amazon\awssdk\regions\2.32.31\regions-2.32.31.jar;C:\Users\vshrama\.m2\repository\software\amazon\awssdk\annotations\2.32.31\annotations-2.32.31.jar;C:\Users\vshrama\.m2\repository\software\amazon\awssdk\utils\2.32.31\utils-2.32.31.jar;C:\Users\vshrama\.m2\repository\software\amazon\awssdk\aws-core\2.32.31\aws-core-2.32.31.jar;C:\Users\vshrama\.m2\repository\software\amazon\awssdk\metrics-spi\2.32.31\metrics-spi-2.32.31.jar;C:\Users\vshrama\.m2\repository\software\amazon\awssdk\json-utils\2.32.31\json-utils-2.32.31.jar;C:\Users\vshrama\.m2\repository\software\amazon\awssdk\third-party-jackson-core\2.32.31\third-party-jackson-core-2.32.31.jar;C:\Users\vshrama\.m2\repository\software\amazon\awssdk\endpoints-spi\2.32.31\endpoints-spi-2.32.31.jar;C:\Users\vshrama\.m2\repository\software\amazon\awssdk\apache-client\2.32.31\apache-client-2.32.31.jar;C:\Users\vshrama\.m2\repository\org\apache\httpcomponents\httpclient\4.5.13\httpclient-4.5.13.jar;C:\Users\vshrama\.m2\repository\org\apache\httpcomponents\httpcore\4.4.16\httpcore-4.4.16.jar;C:\Users\vshrama\.m2\repository\commons-codec\commons-codec\1.18.0\commons-codec-1.18.0.jar;C:\Users\vshrama\.m2\repository\software\amazon\awssdk\netty-nio-client\2.32.31\netty-nio-client-2.32.31.jar;C:\Users\vshrama\.m2\repository\io\netty\netty-codec-http\4.1.124.Final\netty-codec-http-4.1.124.Final.jar;C:\Users\vshrama\.m2\repository\io\netty\netty-codec-http2\4.1.124.Final\netty-codec-http2-4.1.124.Final.jar;C:\Users\vshrama\.m2\repository\io\netty\netty-codec\4.1.124.Final\netty-codec-4.1.124.Final.jar;C:\Users\vshrama\.m2\repository\io\netty\netty-transport\4.1.124.Final\netty-transport-4.1.124.Final.jar;C:\Users\vshrama\.m2\repository\io\netty\netty-common\4.1.124.Final\netty-common-4.1.124.Final.jar;C:\Users\vshrama\.m2\repository\io\netty\netty-buffer\4.1.124.Final\netty-buffer-4.1.124.Final.jar;C:\Users\vshrama\.m2\repository\io\netty\netty-handler\4.1.124.Final\netty-handler-4.1.124.Final.jar;C:\Users\vshrama\.m2\repository\io\netty\netty-transport-native-unix-common\4.1.124.Final\netty-transport-native-unix-common-4.1.124.Final.jar;C:\Users\vshrama\.m2\repository\io\netty\netty-transport-classes-epoll\4.1.124.Final\netty-transport-classes-epoll-4.1.124.Final.jar;C:\Users\vshrama\.m2\repository\io\netty\netty-resolver\4.1.124.Final\netty-resolver-4.1.124.Final.jar;C:\Users\vshrama\.m2\repository\software\amazon\awssdk\auth\2.33.0\auth-2.33.0.jar;C:\Users\vshrama\.m2\repository\software\amazon\awssdk\http-auth-aws-eventstream\2.33.0\http-auth-aws-eventstream-2.33.0.jar;C:\Users\vshrama\.m2\repository\software\amazon\eventstream\eventstream\1.0.1\eventstream-1.0.1.jar;C:\Users\vshrama\.m2\repository\org\springframework\boot\spring-boot-starter-test\3.5.5\spring-boot-starter-test-3.5.5.jar;C:\Users\vshrama\.m2\repository\org\springframework\boot\spring-boot-test\3.5.5\spring-boot-test-3.5.5.jar;C:\Users\vshrama\.m2\repository\org\springframework\boot\spring-boot-test-autoconfigure\3.5.5\spring-boot-test-autoconfigure-3.5.5.jar;C:\Users\vshrama\.m2\repository\com\jayway\jsonpath\json-path\2.9.0\json-path-2.9.0.jar;C:\Users\vshrama\.m2\repository\jakarta\xml\bind\jakarta.xml.bind-api\4.0.2\jakarta.xml.bind-api-4.0.2.jar;C:\Users\vshrama\.m2\repository\jakarta\activation\jakarta.activation-api\2.1.3\jakarta.activation-api-2.1.3.jar;C:\Users\vshrama\.m2\repository\net\minidev\json-smart\2.5.2\json-smart-2.5.2.jar;C:\Users\vshrama\.m2\repository\net\minidev\accessors-smart\2.5.2\accessors-smart-2.5.2.jar;C:\Users\vshrama\.m2\repository\org\ow2\asm\asm\9.7.1\asm-9.7.1.jar;C:\Users\vshrama\.m2\repository\org\assertj\assertj-core\3.27.4\assertj-core-3.27.4.jar;C:\Users\vshrama\.m2\repository\net\bytebuddy\byte-buddy\1.17.7\byte-buddy-1.17.7.jar;C:\Users\vshrama\.m2\repository\org\awaitility\awaitility\4.2.2\awaitility-4.2.2.jar;C:\Users\vshrama\.m2\repository\org\hamcrest\hamcrest\3.0\hamcrest-3.0.jar;C:\Users\vshrama\.m2\repository\org\junit\jupiter\junit-jupiter\5.12.2\junit-jupiter-5.12.2.jar;C:\Users\vshrama\.m2\repository\org\junit\jupiter\junit-jupiter-api\5.12.2\junit-jupiter-api-5.12.2.jar;C:\Users\vshrama\.m2\repository\org\opentest4j\opentest4j\1.3.0\opentest4j-1.3.0.jar;C:\Users\vshrama\.m2\repository\org\junit\platform\junit-platform-commons\1.12.2\junit-platform-commons-1.12.2.jar;C:\Users\vshrama\.m2\repository\org\apiguardian\apiguardian-api\1.1.2\apiguardian-api-1.1.2.jar;C:\Users\vshrama\.m2\repository\org\junit\jupiter\junit-jupiter-params\5.12.2\junit-jupiter-params-5.12.2.jar;C:\Users\vshrama\.m2\repository\org\junit\jupiter\junit-jupiter-engine\5.12.2\junit-jupiter-engine-5.12.2.jar;C:\Users\vshrama\.m2\repository\org\junit\platform\junit-platform-engine\1.12.2\junit-platform-engine-1.12.2.jar;C:\Users\vshrama\.m2\repository\org\mockito\mockito-core\5.17.0\mockito-core-5.17.0.jar;C:\Users\vshrama\.m2\repository\net\bytebuddy\byte-buddy-agent\1.17.7\byte-buddy-agent-1.17.7.jar;C:\Users\vshrama\.m2\repository\org\objenesis\objenesis\3.3\objenesis-3.3.jar;C:\Users\vshrama\.m2\repository\org\mockito\mockito-junit-jupiter\5.17.0\mockito-junit-jupiter-5.17.0.jar;C:\Users\vshrama\.m2\repository\org\skyscreamer\jsonassert\1.5.3\jsonassert-1.5.3.jar;C:\Users\vshrama\.m2\repository\com\vaadin\external\google\android-json\0.0.20131108.vaadin1\android-json-0.0.20131108.vaadin1.jar;C:\Users\vshrama\.m2\repository\org\springframework\spring-core\6.2.10\spring-core-6.2.10.jar;C:\Users\vshrama\.m2\repository\org\springframework\spring-jcl\6.2.10\spring-jcl-6.2.10.jar;C:\Users\vshrama\.m2\repository\org\springframework\spring-test\6.2.10\spring-test-6.2.10.jar;C:\Users\vshrama\.m2\repository\org\xmlunit\xmlunit-core\2.10.3\xmlunit-core-2.10.3.jar;"/>
    <property name="sun.cpu.endian" value="little"/>
    <property name="user.home" value="C:\Users\vshrama"/>
    <property name="user.language" value="en"/>
    <property name="java.specification.vendor" value="Oracle Corporation"/>
    <property name="java.version.date" value="2025-07-15"/>
    <property name="java.home" value="C:\Program Files\Java\jdk-17"/>
    <property name="file.separator" value="\"/>
    <property name="style.color" value="always"/>
    <property name="basedir" value="C:\Users\vshrama\Documents\UtilitySetupForDeployment\Prod-Spring-fvu-app"/>
    <property name="java.vm.compressedOopsMode" value="Zero based"/>
    <property name="line.separator" value="&#10;"/>
    <property name="java.vm.specification.vendor" value="Oracle Corporation"/>
    <property name="java.specification.name" value="Java Platform API Specification"/>
    <property name="FILE_LOG_CHARSET" value="windows-1252"/>
    <property name="java.awt.headless" value="true"/>
    <property name="surefire.real.class.path" value="C:\Users\vshrama\AppData\Local\Temp\surefire9387408082244943122\surefirebooter-20251008124749396_3.jar"/>
    <property name="user.script" value=""/>
    <property name="sun.management.compiler" value="HotSpot 64-Bit Tiered Compilers"/>
    <property name="java.runtime.version" value="17.0.16+12-LTS-247"/>
    <property name="user.name" value="vshrama"/>
    <property name="path.separator" value=";"/>
    <property name="os.version" value="10.0"/>
    <property name="java.runtime.name" value="Java(TM) SE Runtime Environment"/>
    <property name="file.encoding" value="Cp1252"/>
    <property name="java.vm.name" value="Java HotSpot(TM) 64-Bit Server VM"/>
    <property name="localRepository" value="C:\Users\vshrama\.m2\repository"/>
    <property name="java.vendor.url.bug" value="https://bugreport.java.com/bugreport/"/>
    <property name="java.io.tmpdir" value="C:\Users\vshrama\AppData\Local\Temp\"/>
    <property name="java.version" value="17.0.16"/>
    <property name="user.dir" value="C:\Users\vshrama\Documents\UtilitySetupForDeployment\Prod-Spring-fvu-app"/>
    <property name="os.arch" value="amd64"/>
    <property name="java.vm.specification.name" value="Java Virtual Machine Specification"/>
    <property name="PID" value="2520"/>
    <property name="sun.os.patch.level" value=""/>
    <property name="CONSOLE_LOG_CHARSET" value="windows-1252"/>
    <property name="native.encoding" value="Cp1252"/>
    <property name="java.library.path" value="C:\Program Files\Java\jdk-17\bin;C:\Windows\Sun\Java\bin;C:\Windows\system32;C:\Windows;C:\Program Files\OpenLogic\jdk-8.0.462.08-hotspot\bin;C:\Program Files\Microsoft\jdk-21.0.8.9-hotspot\bin;C:\Program Files\Common Files\Oracle\Java\javapath;C:\Windows\system32;C:\Windows;C:\Windows\System32\Wbem;C:\Windows\System32\WindowsPowerShell\v1.0\;C:\Windows\System32\OpenSSH\;C:\Program Files\Docker\Docker\resources\bin;C:\Program Files\PuTTY\;C:\Users\vshrama\AppData\Local\Microsoft\WindowsApps;C:\Users\vshrama\AppData\Local\Programs\Git\cmd;C:\Users\vshrama\AppData\Local\Programs\Microsoft VS Code\bin;."/>
    <property name="java.vm.info" value="mixed mode, sharing"/>
    <property name="java.vendor" value="Oracle Corporation"/>
    <property name="java.vm.version" value="17.0.16+12-LTS-247"/>
    <property name="java.specification.maintenance.version" value="1"/>
    <property name="sun.io.unicode.encoding" value="UnicodeLittle"/>
    <property name="java.class.version" value="61.0"/>
    <property name="LOGGED_APPLICATION_NAME" value="[Prod-spring-fvu-app] "/>
  </properties>
  <testcase name="contextLoads" classname="com.example.AutomationJavaUtility.SpringFvuAppApplicationTests" time="0.853">
    <system-out><![CDATA[12:47:52.373 [main] INFO org.springframework.test.context.support.AnnotationConfigContextLoaderUtils -- Could not detect default configuration classes for test class [com.example.AutomationJavaUtility.SpringFvuAppApplicationTests]: SpringFvuAppApplicationTests does not declare any static, non-private, non-final, nested classes annotated with @Configuration.
12:47:52.526 [main] INFO org.springframework.boot.test.context.SpringBootTestContextBootstrapper -- Found @SpringBootConfiguration com.example.AutomationJavaUtility.SpringFvuAppApplication for test class com.example.AutomationJavaUtility.SpringFvuAppApplicationTests
12:47:52.793 [main] INFO org.springframework.boot.devtools.restart.RestartApplicationListener -- Restart disabled due to context in which it is running

  .   ____          _            __ _ _
 /\\ / ___'_ __ _ _(_)_ __  __ _ \ \ \ \
( ( )\___ | '_ | '_| | '_ \/ _` | \ \ \ \
 \\/  ___)| |_)| | | | | || (_| |  ) ) ) )
  '  |____| .__|_| |_|_| |_\__, | / / / /
 =========|_|==============|___/=/_/_/_/

 :: Spring Boot ::                (v3.5.5)

2025-10-08 12:47:53 INFO  [main] c.e.A.SpringFvuAppApplicationTests - Starting SpringFvuAppApplicationTests using Java 17.0.16 with PID 2520 (started by vshrama in C:\Users\vshrama\Documents\UtilitySetupForDeployment\Prod-Spring-fvu-app)
2025-10-08 12:47:53 INFO  [main] c.e.A.SpringFvuAppApplicationTests - No active profile set, falling back to 1 default profile: "default"
2025-10-08 12:47:54 INFO  [main] c.e.A.Service.FvuService - S3 client initialized successfully for region ap-south-1
2025-10-08 12:47:54 INFO  [main] c.e.A.Service.FvuService - Initialized semaphore with 5 max concurrent slots
2025-10-08 12:47:55 INFO  [main] c.e.A.SpringFvuAppApplicationTests - Started SpringFvuAppApplicationTests in 2.683 seconds (process running for 3.919)
]]></system-out>
  </testcase>
</testsuite>